[    48.085] (--) Log file renamed from "/home/han/.local/share/xorg/Xorg.pid-711.log" to "/home/han/.local/share/xorg/Xorg.0.log"
[    48.085] 
X.Org X Server 1.19.3
Release Date: 2017-03-15
[    48.085] X Protocol Version 11, Revision 0
[    48.085] Build Operating System: Linux 4.9.11-1-ARCH x86_64 
[    48.085] Current Operating System: Linux meegeren 4.9.26-1-lts #1 SMP Thu May 4 18:46:21 CEST 2017 x86_64
[    48.085] Kernel command line: BOOT_IMAGE=/vmlinuz-linux-lts root=/dev/mapper/vg-root rw rootflags=subvol=root cryptdevice=/dev/disk/by-uuid/d362beea-62e8-41de-90a6-eab3c70f2ce0:lvm:allow-discards root=/dev/mapper/vg-root rootflags=subvol=root resume=/dev/mapper/vg-swap quiet transparent_hugepage=never
[    48.085] Build Date: 07 April 2017  05:42:48PM
[    48.085]  
[    48.085] Current version of pixman: 0.34.0
[    48.085] 	Before reporting problems, check http://wiki.x.org
	to make sure that you have the latest version.
[    48.085] Markers: (--) probed, (**) from config file, (==) default setting,
	(++) from command line, (!!) notice, (II) informational,
	(WW) warning, (EE) error, (NI) not implemented, (??) unknown.
[    48.085] (==) Log file: "/home/han/.local/share/xorg/Xorg.0.log", Time: Tue May  9 00:15:24 2017
[    48.086] (==) Using system config directory "/usr/share/X11/xorg.conf.d"
[    48.086] (==) No Layout section.  Using the first Screen section.
[    48.086] (==) No screen section available. Using defaults.
[    48.086] (**) |-->Screen "Default Screen Section" (0)
[    48.086] (**) |   |-->Monitor "<default monitor>"
[    48.086] (==) No monitor specified for screen "Default Screen Section".
	Using a default monitor configuration.
[    48.086] (==) Automatically adding devices
[    48.086] (==) Automatically enabling devices
[    48.086] (==) Automatically adding GPU devices
[    48.086] (==) Automatically binding GPU devices
[    48.086] (==) Max clients allowed: 256, resource mask: 0x1fffff
[    48.086] (WW) `fonts.dir' not found (or not valid) in "/usr/share/fonts/100dpi/".
[    48.086] 	Entry deleted from font path.
[    48.086] 	(Run 'mkfontdir' on "/usr/share/fonts/100dpi/").
[    48.086] (WW) `fonts.dir' not found (or not valid) in "/usr/share/fonts/75dpi/".
[    48.086] 	Entry deleted from font path.
[    48.086] 	(Run 'mkfontdir' on "/usr/share/fonts/75dpi/").
[    48.086] (==) FontPath set to:
	/usr/share/fonts/misc/,
	/usr/share/fonts/TTF/,
	/usr/share/fonts/OTF/,
	/usr/share/fonts/Type1/
[    48.086] (==) ModulePath set to "/usr/lib/xorg/modules"
[    48.086] (II) The server relies on udev to provide the list of input devices.
	If no devices become available, reconfigure udev or disable AutoAddDevices.
[    48.086] (II) Loader magic: 0x822d60
[    48.086] (II) Module ABI versions:
[    48.086] 	X.Org ANSI C Emulation: 0.4
[    48.086] 	X.Org Video Driver: 23.0
[    48.086] 	X.Org XInput driver : 24.1
[    48.086] 	X.Org Server Extension : 10.0
[    48.087] (++) using VT number 2

[    48.088] (II) systemd-logind: took control of session /org/freedesktop/login1/session/c2
[    48.089] (II) xfree86: Adding drm device (/dev/dri/card0)
[    48.089] (II) systemd-logind: got fd for /dev/dri/card0 226:0 fd 12 paused 0
[    48.091] (--) PCI:*(0:0:2:0) 8086:1616:17aa:5034 rev 9, Mem @ 0xf0000000/16777216, 0xe0000000/268435456, I/O @ 0x00003000/64, BIOS @ 0x????????/131072
[    48.091] (WW) Open ACPI failed (/var/run/acpid.socket) (No such file or directory)
[    48.091] (II) LoadModule: "glx"
[    48.091] (II) Loading /usr/lib/xorg/modules/extensions/libglx.so
[    48.093] (II) Module glx: vendor="X.Org Foundation"
[    48.093] 	compiled for 1.19.3, module version = 1.0.0
[    48.093] 	ABI class: X.Org Server Extension, version 10.0
[    48.093] (==) Matched intel as autoconfigured driver 0
[    48.093] (==) Matched intel as autoconfigured driver 1
[    48.093] (==) Matched modesetting as autoconfigured driver 2
[    48.093] (==) Matched fbdev as autoconfigured driver 3
[    48.093] (==) Matched vesa as autoconfigured driver 4
[    48.093] (==) Assigned the driver to the xf86ConfigLayout
[    48.093] (II) LoadModule: "intel"
[    48.093] (II) Loading /usr/lib/xorg/modules/drivers/intel_drv.so
[    48.099] (II) Module intel: vendor="X.Org Foundation"
[    48.099] 	compiled for 1.19.3, module version = 2.99.917
[    48.099] 	Module class: X.Org Video Driver
[    48.099] 	ABI class: X.Org Video Driver, version 23.0
[    48.099] (II) LoadModule: "modesetting"
[    48.099] (II) Loading /usr/lib/xorg/modules/drivers/modesetting_drv.so
[    48.099] (II) Module modesetting: vendor="X.Org Foundation"
[    48.099] 	compiled for 1.19.3, module version = 1.19.3
[    48.099] 	Module class: X.Org Video Driver
[    48.099] 	ABI class: X.Org Video Driver, version 23.0
[    48.099] (II) LoadModule: "fbdev"
[    48.100] (WW) Warning, couldn't open module fbdev
[    48.100] (II) UnloadModule: "fbdev"
[    48.100] (II) Unloading fbdev
[    48.100] (EE) Failed to load module "fbdev" (module does not exist, 0)
[    48.100] (II) LoadModule: "vesa"
[    48.100] (WW) Warning, couldn't open module vesa
[    48.100] (II) UnloadModule: "vesa"
[    48.100] (II) Unloading vesa
[    48.100] (EE) Failed to load module "vesa" (module does not exist, 0)
[    48.100] (II) intel: Driver for Intel(R) Integrated Graphics Chipsets:
	i810, i810-dc100, i810e, i815, i830M, 845G, 854, 852GM/855GM, 865G,
	915G, E7221 (i915), 915GM, 945G, 945GM, 945GME, Pineview GM,
	Pineview G, 965G, G35, 965Q, 946GZ, 965GM, 965GME/GLE, G33, Q35, Q33,
	GM45, 4 Series, G45/G43, Q45/Q43, G41, B43
[    48.100] (II) intel: Driver for Intel(R) HD Graphics
[    48.100] (II) intel: Driver for Intel(R) Iris(TM) Graphics
[    48.100] (II) intel: Driver for Intel(R) Iris(TM) Pro Graphics
[    48.100] (II) modesetting: Driver for Modesetting Kernel Drivers: kms
[    48.100] xf86EnableIOPorts: failed to set IOPL for I/O (Operation not permitted)
[    48.100] (II) intel(0): Using Kernel Mode Setting driver: i915, version 1.6.0 20160919
[    48.100] (II) intel(0): SNA compiled from 2.99.917-772-gc72bb27a
[    48.101] (WW) Falling back to old probe method for modesetting
[    48.101] (WW) VGA arbiter: cannot open kernel arbiter, no multi-card support
[    48.101] (--) intel(0): Integrated Graphics Chipset: Intel(R) HD Graphics 5500
[    48.101] (--) intel(0): CPU: x86-64, sse2, sse3, ssse3, sse4.1, sse4.2, avx, avx2; using a maximum of 2 threads
[    48.101] (II) intel(0): Creating default Display subsection in Screen section
	"Default Screen Section" for depth/fbbpp 24/32
[    48.101] (==) intel(0): Depth 24, (--) framebuffer bpp 32
[    48.101] (==) intel(0): RGB weight 888
[    48.101] (==) intel(0): Default visual is TrueColor
[    48.101] (II) intel(0): Output eDP1 has no monitor section
[    48.102] (**) intel(0): Found backlight control interface intel_backlight (type 'raw') for output eDP1
[    48.102] (II) intel(0): Enabled output eDP1
[    48.102] (II) intel(0): Output DP1 has no monitor section
[    48.102] (II) intel(0): Enabled output DP1
[    48.102] (II) intel(0): Output HDMI1 has no monitor section
[    48.102] (II) intel(0): Enabled output HDMI1
[    48.102] (II) intel(0): Output DP2 has no monitor section
[    48.102] (II) intel(0): Enabled output DP2
[    48.102] (II) intel(0): Output HDMI2 has no monitor section
[    48.102] (II) intel(0): Enabled output HDMI2
[    48.102] (--) intel(0): Using a maximum size of 256x256 for hardware cursors
[    48.102] (II) intel(0): Output VIRTUAL1 has no monitor section
[    48.103] (II) intel(0): Enabled output VIRTUAL1
[    48.103] (--) intel(0): Output eDP1 using initial mode 1920x1080 on pipe 0
[    48.103] (==) intel(0): TearFree disabled
[    48.103] (==) intel(0): Using gamma correction (1.0, 1.0, 1.0)
[    48.103] (==) intel(0): DPI set to (96, 96)
[    48.103] (II) Loading sub module "dri3"
[    48.103] (II) LoadModule: "dri3"
[    48.103] (II) Module "dri3" already built-in
[    48.103] (II) Loading sub module "dri2"
[    48.103] (II) LoadModule: "dri2"
[    48.103] (II) Module "dri2" already built-in
[    48.103] (II) Loading sub module "present"
[    48.103] (II) LoadModule: "present"
[    48.103] (II) Module "present" already built-in
[    48.103] (II) UnloadModule: "modesetting"
[    48.103] (II) Unloading modesetting
[    48.103] (==) Depth 24 pixmap format is 32 bpp
[    48.103] (II) intel(0): SNA initialized with Broadwell (gen8) backend
[    48.103] (==) intel(0): Backing store enabled
[    48.103] (==) intel(0): Silken mouse enabled
[    48.103] (II) intel(0): HW Cursor enabled
[    48.103] (II) intel(0): RandR 1.2 enabled, ignore the following RandR disabled message.
[    48.103] (==) intel(0): DPMS enabled
[    48.103] (==) intel(0): Display hotplug detection enabled
[    48.103] (II) intel(0): [DRI2] Setup complete
[    48.103] (II) intel(0): [DRI2]   DRI driver: i965
[    48.103] (II) intel(0): [DRI2]   VDPAU driver: va_gl
[    48.103] (II) intel(0): direct rendering: DRI2 DRI3 enabled
[    48.103] (II) intel(0): hardware support for Present enabled
[    48.103] (--) RandR disabled
[    48.114] (II) AIGLX: enabled GLX_MESA_copy_sub_buffer
[    48.114] (II) AIGLX: enabled GLX_ARB_create_context
[    48.114] (II) AIGLX: enabled GLX_ARB_create_context_profile
[    48.114] (II) AIGLX: enabled GLX_EXT_create_context_es{,2}_profile
[    48.114] (II) AIGLX: enabled GLX_INTEL_swap_event
[    48.114] (II) AIGLX: enabled GLX_SGI_swap_control
[    48.114] (II) AIGLX: enabled GLX_EXT_framebuffer_sRGB
[    48.114] (II) AIGLX: enabled GLX_ARB_fbconfig_float
[    48.114] (II) AIGLX: enabled GLX_EXT_fbconfig_packed_float
[    48.114] (II) AIGLX: GLX_EXT_texture_from_pixmap backed by buffer objects
[    48.114] (II) AIGLX: enabled GLX_ARB_create_context_robustness
[    48.114] (II) AIGLX: Loaded and initialized i965
[    48.114] (II) GLX: Initialized DRI2 GL provider for screen 0
[    48.117] (II) intel(0): switch to mode 1920x1080@60.0 on eDP1 using pipe 0, position (0, 0), rotation normal, reflection none
[    48.129] (II) intel(0): Setting screen physical size to 508 x 285
[    48.152] (II) config/udev: Adding input device Power Button (/dev/input/event3)
[    48.152] (**) Power Button: Applying InputClass "libinput keyboard catchall"
[    48.152] (II) LoadModule: "libinput"
[    48.152] (II) Loading /usr/lib/xorg/modules/input/libinput_drv.so
[    48.154] (II) Module libinput: vendor="X.Org Foundation"
[    48.154] 	compiled for 1.19.3, module version = 0.25.1
[    48.154] 	Module class: X.Org XInput Driver
[    48.154] 	ABI class: X.Org XInput driver, version 24.1
[    48.154] (II) Using input driver 'libinput' for 'Power Button'
[    48.154] (II) systemd-logind: got fd for /dev/input/event3 13:67 fd 22 paused 0
[    48.154] (**) Power Button: always reports core events
[    48.154] (**) Option "Device" "/dev/input/event3"
[    48.154] (**) Option "_source" "server/udev"
[    48.154] (II) event3  - (II) Power Button: (II) is tagged by udev as: Keyboard
[    48.154] (II) event3  - (II) Power Button: (II) device is a keyboard
[    48.154] (II) event3  - (II) Power Button: (II) device removed
[    48.154] (**) Option "config_info" "udev:/sys/devices/LNXSYSTM:00/LNXPWRBN:00/input/input6/event3"
[    48.154] (II) XINPUT: Adding extended input device "Power Button" (type: KEYBOARD, id 6)
[    48.155] (II) event3  - (II) Power Button: (II) is tagged by udev as: Keyboard
[    48.155] (II) event3  - (II) Power Button: (II) device is a keyboard
[    48.155] (II) config/udev: Adding input device Video Bus (/dev/input/event6)
[    48.155] (**) Video Bus: Applying InputClass "libinput keyboard catchall"
[    48.155] (II) Using input driver 'libinput' for 'Video Bus'
[    48.155] (II) systemd-logind: got fd for /dev/input/event6 13:70 fd 25 paused 0
[    48.155] (**) Video Bus: always reports core events
[    48.155] (**) Option "Device" "/dev/input/event6"
[    48.155] (**) Option "_source" "server/udev"
[    48.156] (II) event6  - (II) Video Bus: (II) is tagged by udev as: Keyboard
[    48.156] (II) event6  - (II) Video Bus: (II) device is a keyboard
[    48.156] (II) event6  - (II) Video Bus: (II) device removed
[    48.156] (**) Option "config_info" "udev:/sys/devices/LNXSYSTM:00/LNXSYBUS:00/PNP0A08:00/LNXVIDEO:00/input/input11/event6"
[    48.156] (II) XINPUT: Adding extended input device "Video Bus" (type: KEYBOARD, id 7)
[    48.156] (II) event6  - (II) Video Bus: (II) is tagged by udev as: Keyboard
[    48.156] (II) event6  - (II) Video Bus: (II) device is a keyboard
[    48.156] (II) config/udev: Adding input device Lid Switch (/dev/input/event1)
[    48.156] (II) No input driver specified, ignoring this device.
[    48.156] (II) This device may have been added with another device file.
[    48.156] (II) config/udev: Adding input device Sleep Button (/dev/input/event2)
[    48.156] (**) Sleep Button: Applying InputClass "libinput keyboard catchall"
[    48.156] (II) Using input driver 'libinput' for 'Sleep Button'
[    48.157] (II) systemd-logind: got fd for /dev/input/event2 13:66 fd 26 paused 0
[    48.157] (**) Sleep Button: always reports core events
[    48.157] (**) Option "Device" "/dev/input/event2"
[    48.157] (**) Option "_source" "server/udev"
[    48.157] (II) event2  - (II) Sleep Button: (II) is tagged by udev as: Keyboard
[    48.157] (II) event2  - (II) Sleep Button: (II) device is a keyboard
[    48.157] (II) event2  - (II) Sleep Button: (II) device removed
[    48.157] (**) Option "config_info" "udev:/sys/devices/LNXSYSTM:00/LNXSYBUS:00/PNP0C0E:00/input/input5/event2"
[    48.157] (II) XINPUT: Adding extended input device "Sleep Button" (type: KEYBOARD, id 8)
[    48.157] (II) event2  - (II) Sleep Button: (II) is tagged by udev as: Keyboard
[    48.157] (II) event2  - (II) Sleep Button: (II) device is a keyboard
[    48.158] (II) config/udev: Adding input device HDA Intel HDMI HDMI/DP,pcm=3 (/dev/input/event12)
[    48.158] (II) No input driver specified, ignoring this device.
[    48.158] (II) This device may have been added with another device file.
[    48.158] (II) config/udev: Adding input device HDA Intel HDMI HDMI/DP,pcm=7 (/dev/input/event13)
[    48.158] (II) No input driver specified, ignoring this device.
[    48.158] (II) This device may have been added with another device file.
[    48.158] (II) config/udev: Adding input device HDA Intel HDMI HDMI/DP,pcm=8 (/dev/input/event14)
[    48.158] (II) No input driver specified, ignoring this device.
[    48.158] (II) This device may have been added with another device file.
[    48.158] (II) config/udev: Adding input device HDA Digital PCBeep (/dev/input/event7)
[    48.158] (II) No input driver specified, ignoring this device.
[    48.158] (II) This device may have been added with another device file.
[    48.158] (II) config/udev: Adding input device HDA Intel PCH Dock Mic (/dev/input/event8)
[    48.158] (II) No input driver specified, ignoring this device.
[    48.158] (II) This device may have been added with another device file.
[    48.159] (II) config/udev: Adding input device HDA Intel PCH Mic (/dev/input/event9)
[    48.159] (II) No input driver specified, ignoring this device.
[    48.159] (II) This device may have been added with another device file.
[    48.159] (II) config/udev: Adding input device HDA Intel PCH Dock Headphone (/dev/input/event10)
[    48.159] (II) No input driver specified, ignoring this device.
[    48.159] (II) This device may have been added with another device file.
[    48.159] (II) config/udev: Adding input device HDA Intel PCH Headphone (/dev/input/event11)
[    48.159] (II) No input driver specified, ignoring this device.
[    48.159] (II) This device may have been added with another device file.
[    48.159] (II) config/udev: Adding input device AT Translated Set 2 keyboard (/dev/input/event0)
[    48.159] (**) AT Translated Set 2 keyboard: Applying InputClass "libinput keyboard catchall"
[    48.159] (II) Using input driver 'libinput' for 'AT Translated Set 2 keyboard'
[    48.159] (II) systemd-logind: got fd for /dev/input/event0 13:64 fd 27 paused 0
[    48.159] (**) AT Translated Set 2 keyboard: always reports core events
[    48.159] (**) Option "Device" "/dev/input/event0"
[    48.159] (**) Option "_source" "server/udev"
[    48.160] (II) event0  - (II) AT Translated Set 2 keyboard: (II) is tagged by udev as: Keyboard
[    48.160] (II) event0  - (II) AT Translated Set 2 keyboard: (II) device is a keyboard
[    48.160] (II) event0  - (II) AT Translated Set 2 keyboard: (II) device removed
[    48.160] (**) Option "config_info" "udev:/sys/devices/platform/i8042/serio0/input/input0/event0"
[    48.160] (II) XINPUT: Adding extended input device "AT Translated Set 2 keyboard" (type: KEYBOARD, id 9)
[    48.160] (II) event0  - (II) AT Translated Set 2 keyboard: (II) is tagged by udev as: Keyboard
[    48.160] (II) event0  - (II) AT Translated Set 2 keyboard: (II) device is a keyboard
[    48.160] (II) config/udev: Adding input device SynPS/2 Synaptics TouchPad (/dev/input/event15)
[    48.160] (**) SynPS/2 Synaptics TouchPad: Applying InputClass "libinput touchpad catchall"
[    48.160] (II) Using input driver 'libinput' for 'SynPS/2 Synaptics TouchPad'
[    48.161] (II) systemd-logind: got fd for /dev/input/event15 13:79 fd 28 paused 0
[    48.161] (**) SynPS/2 Synaptics TouchPad: always reports core events
[    48.161] (**) Option "Device" "/dev/input/event15"
[    48.161] (**) Option "_source" "server/udev"
[    48.161] (II) event15 - (II) SynPS/2 Synaptics TouchPad: (II) is tagged by udev as: Touchpad
[    48.161] (II) event15 - (II) SynPS/2 Synaptics TouchPad: (II) device is a touchpad
[    48.161] (II) event15 - (II) SynPS/2 Synaptics TouchPad: (II) device removed
[    48.161] (**) Option "config_info" "udev:/sys/devices/platform/i8042/serio1/input/input9/event15"
[    48.161] (II) XINPUT: Adding extended input device "SynPS/2 Synaptics TouchPad" (type: TOUCHPAD, id 10)
[    48.161] (**) Option "AccelerationScheme" "none"
[    48.161] (**) SynPS/2 Synaptics TouchPad: (accel) selected scheme none/0
[    48.161] (**) SynPS/2 Synaptics TouchPad: (accel) acceleration factor: 2.000
[    48.161] (**) SynPS/2 Synaptics TouchPad: (accel) acceleration threshold: 4
[    48.161] (II) event15 - (II) SynPS/2 Synaptics TouchPad: (II) is tagged by udev as: Touchpad
[    48.162] (II) event15 - (II) SynPS/2 Synaptics TouchPad: (II) device is a touchpad
[    48.162] (II) config/udev: Adding input device SynPS/2 Synaptics TouchPad (/dev/input/mouse0)
[    48.162] (II) No input driver specified, ignoring this device.
[    48.162] (II) This device may have been added with another device file.
[    48.162] (II) config/udev: Adding input device TPPS/2 IBM TrackPoint (/dev/input/event16)
[    48.162] (**) TPPS/2 IBM TrackPoint: Applying InputClass "libinput pointer catchall"
[    48.162] (II) Using input driver 'libinput' for 'TPPS/2 IBM TrackPoint'
[    48.162] (II) systemd-logind: got fd for /dev/input/event16 13:80 fd 29 paused 0
[    48.162] (**) TPPS/2 IBM TrackPoint: always reports core events
[    48.162] (**) Option "Device" "/dev/input/event16"
[    48.162] (**) Option "_source" "server/udev"
[    48.162] (II) event16 - (II) TPPS/2 IBM TrackPoint: (II) is tagged by udev as: Mouse Pointingstick
[    48.163] (II) event16 - (II) TPPS/2 IBM TrackPoint: (II) set to const accel 1.00
[    48.163] (II) event16 - (II) TPPS/2 IBM TrackPoint: (II) device is a pointer
[    48.163] (II) event16 - (II) TPPS/2 IBM TrackPoint: (II) device removed
[    48.163] (**) Option "config_info" "udev:/sys/devices/platform/i8042/serio1/serio2/input/input19/event16"
[    48.163] (II) XINPUT: Adding extended input device "TPPS/2 IBM TrackPoint" (type: MOUSE, id 11)
[    48.163] (**) Option "AccelerationScheme" "none"
[    48.163] (**) TPPS/2 IBM TrackPoint: (accel) selected scheme none/0
[    48.163] (**) TPPS/2 IBM TrackPoint: (accel) acceleration factor: 2.000
[    48.163] (**) TPPS/2 IBM TrackPoint: (accel) acceleration threshold: 4
[    48.163] (II) event16 - (II) TPPS/2 IBM TrackPoint: (II) is tagged by udev as: Mouse Pointingstick
[    48.163] (II) event16 - (II) TPPS/2 IBM TrackPoint: (II) set to const accel 1.00
[    48.163] (II) event16 - (II) TPPS/2 IBM TrackPoint: (II) device is a pointer
[    48.163] (II) config/udev: Adding input device TPPS/2 IBM TrackPoint (/dev/input/mouse1)
[    48.163] (II) No input driver specified, ignoring this device.
[    48.163] (II) This device may have been added with another device file.
[    48.163] (II) config/udev: Adding input device PC Speaker (/dev/input/event5)
[    48.163] (II) No input driver specified, ignoring this device.
[    48.163] (II) This device may have been added with another device file.
[    48.164] (II) config/udev: Adding input device ThinkPad Extra Buttons (/dev/input/event4)
[    48.164] (**) ThinkPad Extra Buttons: Applying InputClass "libinput keyboard catchall"
[    48.164] (II) Using input driver 'libinput' for 'ThinkPad Extra Buttons'
[    48.164] (II) systemd-logind: got fd for /dev/input/event4 13:68 fd 30 paused 0
[    48.164] (**) ThinkPad Extra Buttons: always reports core events
[    48.164] (**) Option "Device" "/dev/input/event4"
[    48.164] (**) Option "_source" "server/udev"
[    48.164] (II) event4  - (II) ThinkPad Extra Buttons: (II) is tagged by udev as: Keyboard
[    48.164] (II) event4  - (II) ThinkPad Extra Buttons: (II) device is a keyboard
[    48.164] (II) event4  - (II) ThinkPad Extra Buttons: (II) device removed
[    48.164] (**) Option "config_info" "udev:/sys/devices/platform/thinkpad_acpi/input/input7/event4"
[    48.164] (II) XINPUT: Adding extended input device "ThinkPad Extra Buttons" (type: KEYBOARD, id 12)
[    48.165] (II) event4  - (II) ThinkPad Extra Buttons: (II) is tagged by udev as: Keyboard
[    48.165] (II) event4  - (II) ThinkPad Extra Buttons: (II) device is a keyboard
[    48.337] (II) intel(0): EDID vendor "LGD", prod id 1034
[    48.337] (II) intel(0): Printing DDC gathered Modelines:
[    48.337] (II) intel(0): Modeline "1920x1080"x0.0  140.10  1920 1980 2016 2092  1080 1083 1088 1116 +hsync -vsync (67.0 kHz eP)
[   569.324] (**) Option "fd" "22"
[   569.324] (II) event3  - (II) Power Button: (II) device removed
[   569.324] (**) Option "fd" "25"
[   569.324] (II) event6  - (II) Video Bus: (II) device removed
[   569.324] (**) Option "fd" "26"
[   569.324] (II) event2  - (II) Sleep Button: (II) device removed
[   569.326] (**) Option "fd" "27"
[   569.326] (II) event0  - (II) AT Translated Set 2 keyboard: (II) device removed
[   569.326] (**) Option "fd" "28"
[   569.327] (II) event15 - (II) SynPS/2 Synaptics TouchPad: (II) device removed
[   569.327] (**) Option "fd" "29"
[   569.327] (II) event16 - (II) TPPS/2 IBM TrackPoint: (II) device removed
[   569.327] (**) Option "fd" "30"
[   569.327] (II) event4  - (II) ThinkPad Extra Buttons: (II) device removed
[   569.327] (II) UnloadModule: "libinput"
[   569.327] (II) systemd-logind: releasing fd for 13:68
[   569.440] (II) UnloadModule: "libinput"
[   569.440] (II) systemd-logind: releasing fd for 13:80
[   569.550] (II) UnloadModule: "libinput"
[   569.550] (II) systemd-logind: releasing fd for 13:79
[   569.660] (II) UnloadModule: "libinput"
[   569.660] (II) systemd-logind: releasing fd for 13:64
[   569.740] (II) UnloadModule: "libinput"
[   569.740] (II) systemd-logind: releasing fd for 13:66
[   569.790] (II) UnloadModule: "libinput"
[   569.790] (II) systemd-logind: releasing fd for 13:70
[   569.830] (II) UnloadModule: "libinput"
[   569.830] (II) systemd-logind: releasing fd for 13:67
[   569.926] (WW) xf86CloseConsole: KDSETMODE failed: Input/output error
[   569.926] (WW) xf86CloseConsole: VT_GETMODE failed: Input/output error
[   569.926] (WW) xf86CloseConsole: VT_ACTIVATE failed: Input/output error
[   569.978] (II) Server terminated successfully (0). Closing log file.
