(N) 2017-05-01T10:35:13 - qBittorrent v3.3.11 started
(I) 2017-05-01T10:35:18 - qBittorrent is trying to listen on any interface port: 8999
(N) 2017-05-01T10:35:18 - Peer ID: -qB33B0-
(N) 2017-05-01T10:35:18 - HTTP User-Agent is 'qBittorrent v3.3.11'
(I) 2017-05-01T10:35:18 - DHT support [ON]
(I) 2017-05-01T10:35:18 - Local Peer Discovery support [ON]
(I) 2017-05-01T10:35:18 - PeX support [ON]
(I) 2017-05-01T10:35:18 - Anonymous mode [OFF]
(I) 2017-05-01T10:35:18 - Encryption support [ON]
(I) 2017-05-01T10:35:18 - Embedded Tracker [OFF]
(I) 2017-05-01T10:35:18 - UPnP / NAT-PMP support [ON]
(W) 2017-05-01T10:35:18 - Couldn't load GeoIP database. Reason: No such file or directory
(N) 2017-05-01T10:35:18 - Options were saved successfully.
(I) 2017-05-01T10:35:18 - qBittorrent is successfully listening on interface :: port: TCP/8999
(I) 2017-05-01T10:35:18 - qBittorrent is successfully listening on interface 0.0.0.0 port: TCP/8999
(I) 2017-05-01T10:35:18 - qBittorrent is successfully listening on interface 0.0.0.0 port: UDP/8999
(I) 2017-05-01T10:35:18 - External IP: 108.218.241.74
(I) 2017-05-01T10:35:18 - GeoIP database loaded. Type: GeoLite2-Country. Build time: Tue Apr 4 14:37:44 2017.
(I) 2017-05-01T10:35:18 - Successfully updated GeoIP database.
(N) 2017-05-01T10:35:20 - '2017-04-10-raspbian-jessie.zip' added to download list.
(N) 2017-05-01T10:37:10 - Options were saved successfully.
(C) 2017-05-01T10:37:54 - UPnP/NAT-PMP: Port mapping failure, message: could not map port using UPnP: no router found
(C) 2017-05-01T10:37:54 - UPnP/NAT-PMP: Port mapping failure, message: could not map port using UPnP: no router found
(I) 2017-05-01T10:40:38 - External IP: 2602:306:cdaf:14a0:c26d:742e:dded:7822
(N) 2017-05-14T21:44:36 - qBittorrent v3.3.11 started
(I) 2017-05-14T21:44:36 - qBittorrent is trying to listen on any interface port: 8999
(N) 2017-05-14T21:44:36 - Peer ID: -qB33B0-
(N) 2017-05-14T21:44:36 - HTTP User-Agent is 'qBittorrent v3.3.11'
(I) 2017-05-14T21:44:36 - DHT support [ON]
(I) 2017-05-14T21:44:36 - Local Peer Discovery support [ON]
(I) 2017-05-14T21:44:36 - PeX support [ON]
(I) 2017-05-14T21:44:36 - Anonymous mode [OFF]
(I) 2017-05-14T21:44:36 - Encryption support [ON]
(I) 2017-05-14T21:44:36 - Embedded Tracker [OFF]
(I) 2017-05-14T21:44:36 - UPnP / NAT-PMP support [ON]
(I) 2017-05-14T21:44:36 - qBittorrent is successfully listening on interface :: port: TCP/8999
(I) 2017-05-14T21:44:36 - qBittorrent is successfully listening on interface 0.0.0.0 port: TCP/8999
(I) 2017-05-14T21:44:36 - qBittorrent is successfully listening on interface 0.0.0.0 port: UDP/8999
(I) 2017-05-14T21:44:36 - GeoIP database loaded. Type: GeoLite2-Country. Build time: Tue Apr 4 14:37:44 2017.
(N) 2017-05-14T21:44:36 - Options were saved successfully.
(N) 2017-05-14T21:44:36 - '2017-04-10-raspbian-jessie.zip' resumed. (fast resume)
(I) 2017-05-14T21:44:36 - External IP: 108.218.241.74
(I) 2017-05-14T21:44:37 - GeoIP database loaded. Type: GeoLite2-Country. Build time: Tue May 2 17:05:34 2017.
(I) 2017-05-14T21:44:37 - Successfully updated GeoIP database.
(N) 2017-05-14T21:44:39 - 'Bitwig.Studio.1.3.8' added to download list.
(I) 2017-05-14T21:44:48 - External IP: 2602:306:cdaf:14a0:c26d:742e:dded:7822
(N) 2017-05-14T21:45:55 - qBittorrent v3.3.11 started
(C) 2017-05-14T21:47:12 - UPnP/NAT-PMP: Port mapping failure, message: could not map port using UPnP: no router found
(C) 2017-05-14T21:47:12 - UPnP/NAT-PMP: Port mapping failure, message: could not map port using UPnP: no router found
(I) 2017-05-15T11:32:00 - System network status changed to OFFLINE
(I) 2017-05-15T11:32:00 - System network status changed to OFFLINE
(I) 2017-05-15T11:32:01 - System network status changed to OFFLINE
(I) 2017-05-15T11:32:09 - System network status changed to ONLINE
